{"C:\\Users\\ETUK\\Desktop\\module-2\\javascript-capstone\\src\\modules\\commentester.js": {"path":"C:\\Users\\ETUK\\Desktop\\module-2\\javascript-capstone\\src\\modules\\commentester.js","statementMap":{"0":{"start":{"line":1,"column":27},"end":{"line":7,"column":3}},"1":{"start":{"line":2,"column":16},"end":{"line":2,"column":76}},"2":{"start":{"line":3,"column":4},"end":{"line":5,"column":5}},"3":{"start":{"line":4,"column":6},"end":{"line":4,"column":24}},"4":{"start":{"line":6,"column":4},"end":{"line":6,"column":22}}},"fnMap":{"0":{"name":"(anonymous_0)","decl":{"start":{"line":1,"column":27},"end":{"line":1,"column":28}},"loc":{"start":{"line":1,"column":40},"end":{"line":7,"column":3}},"line":1}},"branchMap":{"0":{"loc":{"start":{"line":3,"column":4},"end":{"line":5,"column":5}},"type":"if","locations":[{"start":{"line":3,"column":4},"end":{"line":5,"column":5}},{"start":{},"end":{}}],"line":3}},"s":{"0":1,"1":2,"2":2,"3":1,"4":2},"f":{"0":2},"b":{"0":[1,1]},"_coverageSchema":"1a1c01bbd47fc00a2c39e90264f33305004495a9","hash":"a7118477e14bb8ce5825f0248b0630c82e766414"}
,"C:\\Users\\ETUK\\Desktop\\module-2\\javascript-capstone\\src\\modules\\itemCounter.js": {"path":"C:\\Users\\ETUK\\Desktop\\module-2\\javascript-capstone\\src\\modules\\itemCounter.js","statementMap":{"0":{"start":{"line":1,"column":24},"end":{"line":5,"column":3}},"1":{"start":{"line":2,"column":22},"end":{"line":2,"column":55}},"2":{"start":{"line":3,"column":4},"end":{"line":3,"column":46}},"3":{"start":{"line":4,"column":4},"end":{"line":4,"column":21}}},"fnMap":{"0":{"name":"(anonymous_0)","decl":{"start":{"line":1,"column":24},"end":{"line":1,"column":25}},"loc":{"start":{"line":1,"column":59},"end":{"line":5,"column":3}},"line":1}},"branchMap":{},"s":{"0":1,"1":1,"2":1,"3":1},"f":{"0":1},"b":{},"_coverageSchema":"1a1c01bbd47fc00a2c39e90264f33305004495a9","hash":"efb59b00ea514ecf1258f82a9cb9cd24a289442f"}
}
